<?xml version="1.0" encoding="UTF-8"?>
<con:soapui-project id="8b4d3276-4863-4037-ac34-2e29905148fd" activeEnvironment="Default" name="test" resourceRoot="" soapui-version="5.7.1" xmlns:con="http://eviware.com/soapui/config"><con:settings/><con:interface xsi:type="con:WsdlInterface" id="5865ae32-dae6-4f51-86f6-a2703c5be841" wsaVersion="NONE" name="greetingPortBinding" type="wsdl" bindingName="{http://greeting.tn}greetingPortBinding" soapVersion="1_1" anonymous="optional" definition="http://localhost:8585/HelloWS?wsdl" xmlns:xsi="http://www.w3.org/2001/XMLSchema-instance"><con:settings/><con:definitionCache type="TEXT" rootPart="http://localhost:8585/HelloWS?wsdl"><con:part><con:url>http://localhost:8585/HelloWS?wsdl</con:url><con:content><![CDATA[<!--Published by JAX-WS RI (http://jax-ws.java.net). RI's version is JAX-WS RI 2.2.9-b130926.1035 svn-revision#5f6196f2b90e9460065a4c2f4e30e065b245e51e.-->
<!--Generated by JAX-WS RI (http://jax-ws.java.net). RI's version is JAX-WS RI 2.2.9-b130926.1035 svn-revision#5f6196f2b90e9460065a4c2f4e30e065b245e51e.-->
<definitions targetNamespace="http://greeting.tn" name="greetingService" xmlns:wsu="http://docs.oasis-open.org/wss/2004/01/oasis-200401-wss-wssecurity-utility-1.0.xsd" xmlns:wsp="http://www.w3.org/ns/ws-policy" xmlns:wsp1_2="http://schemas.xmlsoap.org/ws/2004/09/policy" xmlns:wsam="http://www.w3.org/2007/05/addressing/metadata" xmlns:soap="http://schemas.xmlsoap.org/wsdl/soap/" xmlns:tns="http://greeting.tn" xmlns:xsd="http://www.w3.org/2001/XMLSchema" xmlns="http://schemas.xmlsoap.org/wsdl/">
  <types>
    <xsd:schema>
      <xsd:import namespace="http://greeting.tn" schemaLocation="http://localhost:8585/?xsd=1"/>
    </xsd:schema>
  </types>
  <message name="greetingOperation">
    <part name="parameters" element="tns:greetingOperation"/>
  </message>
  <message name="greetingOperationResponse">
    <part name="parameters" element="tns:greetingOperationResponse"/>
  </message>
  <message name="greetingToOperation">
    <part name="parameters" element="tns:greetingToOperation"/>
  </message>
  <message name="greetingToOperationResponse">
    <part name="parameters" element="tns:greetingToOperationResponse"/>
  </message>
  <portType name="greetingPortype">
    <operation name="greetingOperation">
      <input wsam:Action="http://greeting.tn/greetingPortype/greetingOperationRequest" message="tns:greetingOperation"/>
      <output wsam:Action="http://greeting.tn/greetingPortype/greetingOperationResponse" message="tns:greetingOperationResponse"/>
    </operation>
    <operation name="greetingToOperation">
      <input wsam:Action="http://greeting.tn/greetingPortype/greetingToOperationRequest" message="tns:greetingToOperation"/>
      <output wsam:Action="http://greeting.tn/greetingPortype/greetingToOperationResponse" message="tns:greetingToOperationResponse"/>
    </operation>
  </portType>
  <binding name="greetingPortBinding" type="tns:greetingPortype">
    <soap:binding transport="http://schemas.xmlsoap.org/soap/http" style="document"/>
    <operation name="greetingOperation">
      <soap:operation soapAction=""/>
      <input>
        <soap:body use="literal"/>
      </input>
      <output>
        <soap:body use="literal"/>
      </output>
    </operation>
    <operation name="greetingToOperation">
      <soap:operation soapAction=""/>
      <input>
        <soap:body use="literal"/>
      </input>
      <output>
        <soap:body use="literal"/>
      </output>
    </operation>
  </binding>
  <service name="greetingService">
    <port name="greetingPort" binding="tns:greetingPortBinding">
      <soap:address location="http://localhost:8585/"/>
    </port>
  </service>
</definitions>]]></con:content><con:type>http://schemas.xmlsoap.org/wsdl/</con:type></con:part><con:part><con:url>http://localhost:8585/?xsd=1</con:url><con:content><![CDATA[<!--Published by JAX-WS RI (http://jax-ws.java.net). RI's version is JAX-WS RI 2.2.9-b130926.1035 svn-revision#5f6196f2b90e9460065a4c2f4e30e065b245e51e.-->
<xs:schema version="1.0" targetNamespace="http://greeting.tn" xmlns:tns="http://greeting.tn" xmlns:xs="http://www.w3.org/2001/XMLSchema">
  <xs:element name="greetingOperation" type="tns:greetingOperation"/>
  <xs:element name="greetingOperationResponse" type="tns:greetingOperationResponse"/>
  <xs:element name="greetingToOperation" type="tns:greetingToOperation"/>
  <xs:element name="greetingToOperationResponse" type="tns:greetingToOperationResponse"/>
  <xs:complexType name="greetingOperation">
    <xs:sequence/>
  </xs:complexType>
  <xs:complexType name="greetingOperationResponse">
    <xs:sequence>
      <xs:element name="greeting" type="xs:string" minOccurs="0"/>
    </xs:sequence>
  </xs:complexType>
  <xs:complexType name="greetingToOperation">
    <xs:sequence>
      <xs:element name="LastName" type="xs:string" minOccurs="0"/>
    </xs:sequence>
  </xs:complexType>
  <xs:complexType name="greetingToOperationResponse">
    <xs:sequence>
      <xs:element name="greetingTo" type="xs:string" minOccurs="0"/>
    </xs:sequence>
  </xs:complexType>
</xs:schema>]]></con:content><con:type>http://www.w3.org/2001/XMLSchema</con:type></con:part></con:definitionCache><con:endpoints><con:endpoint>http://localhost:8585/</con:endpoint></con:endpoints><con:operation id="c4ab54be-1193-4c77-bfba-53b30186c01d" isOneWay="false" action="" name="greetingOperation" bindingOperationName="greetingOperation" type="Request-Response" inputName="" receivesAttachments="false" sendsAttachments="false" anonymous="optional"><con:settings/><con:call id="9b83a339-3d98-440d-9832-39a867ed17d2" name="Request 1"><con:settings/><con:encoding>UTF-8</con:encoding><con:endpoint>http://localhost:8585/</con:endpoint><con:request><![CDATA[<soapenv:Envelope xmlns:soapenv="http://schemas.xmlsoap.org/soap/envelope/" xmlns:gre="http://greeting.tn">
   <soapenv:Header/>
   <soapenv:Body>
      <gre:greetingOperation/>
   </soapenv:Body>
</soapenv:Envelope>]]></con:request><con:credentials><con:authType>No Authorization</con:authType></con:credentials><con:jmsConfig JMSDeliveryMode="PERSISTENT"/><con:jmsPropertyConfig/><con:wsaConfig mustUnderstand="NONE" version="200508" action="http://greeting.tn/greetingPortype/greetingOperationRequest"/><con:wsrmConfig version="1.2"/></con:call></con:operation><con:operation id="6640d842-3de6-4e5a-8a3d-0b60af250884" isOneWay="false" action="" name="greetingToOperation" bindingOperationName="greetingToOperation" type="Request-Response" inputName="" receivesAttachments="false" sendsAttachments="false" anonymous="optional"><con:settings/><con:call id="da50cbb4-b2b6-4029-8c20-3fc970ac6bcf" name="Request 1"><con:settings><con:setting id="com.eviware.soapui.impl.wsdl.WsdlRequest@request-headers">&lt;xml-fragment/></con:setting></con:settings><con:encoding>UTF-8</con:encoding><con:endpoint>http://localhost:8585/</con:endpoint><con:request><![CDATA[<soapenv:Envelope xmlns:soapenv="http://schemas.xmlsoap.org/soap/envelope/" xmlns:gre="http://greeting.tn">
   <soapenv:Header/>
   <soapenv:Body>
      <gre:greetingToOperation>
         <!--Optional:-->
         <LastName>test</LastName>
      </gre:greetingToOperation>
   </soapenv:Body>
</soapenv:Envelope>]]></con:request><con:credentials><con:authType>No Authorization</con:authType></con:credentials><con:jmsConfig JMSDeliveryMode="PERSISTENT"/><con:jmsPropertyConfig/><con:wsaConfig mustUnderstand="NONE" version="200508" action="http://greeting.tn/greetingPortype/greetingToOperationRequest"/><con:wsrmConfig version="1.2"/></con:call></con:operation></con:interface><con:properties/><con:wssContainer/><con:oAuth2ProfileContainer/><con:oAuth1ProfileContainer/></con:soapui-project>